c:\users\fuzzy\onedrive\desktop\projects\xboing\bin\debug\raylib.pdb
c:\users\fuzzy\onedrive\desktop\projects\xboing\bin\debug\raylib.idb
c:\users\fuzzy\onedrive\desktop\projects\xboing\build_files\obj\debug\raylib\utils.obj
c:\users\fuzzy\onedrive\desktop\projects\xboing\build_files\obj\debug\raylib\rtextures.obj
c:\users\fuzzy\onedrive\desktop\projects\xboing\build_files\obj\debug\raylib\rtext.obj
c:\users\fuzzy\onedrive\desktop\projects\xboing\build_files\obj\debug\raylib\rshapes.obj
c:\users\fuzzy\onedrive\desktop\projects\xboing\build_files\obj\debug\raylib\rmodels.obj
c:\users\fuzzy\onedrive\desktop\projects\xboing\build_files\obj\debug\raylib\rglfw.obj
c:\users\fuzzy\onedrive\desktop\projects\xboing\build_files\obj\debug\raylib\rcore.obj
c:\users\fuzzy\onedrive\desktop\projects\xboing\build_files\obj\debug\raylib\raudio.obj
c:\users\fuzzy\onedrive\desktop\projects\xboing\bin\debug\raylib.lib
c:\users\fuzzy\onedrive\desktop\projects\xboing\build_files\..\bin\debug\raylib.pdb
c:\users\fuzzy\onedrive\desktop\projects\xboing\build_files\obj\debug\raylib\raylib.vcxproj.filelistabsolute.txt
c:\users\fuzzy\onedrive\desktop\projects\xboing\build_files\obj\debug\raylib\raylib.tlog\cl.command.1.tlog
c:\users\fuzzy\onedrive\desktop\projects\xboing\build_files\obj\debug\raylib\raylib.tlog\cl.items.tlog
c:\users\fuzzy\onedrive\desktop\projects\xboing\build_files\obj\debug\raylib\raylib.tlog\cl.read.1.tlog
c:\users\fuzzy\onedrive\desktop\projects\xboing\build_files\obj\debug\raylib\raylib.tlog\cl.write.1.tlog
c:\users\fuzzy\onedrive\desktop\projects\xboing\build_files\obj\debug\raylib\raylib.tlog\lib-link.write.1.tlog
c:\users\fuzzy\onedrive\desktop\projects\xboing\build_files\obj\debug\raylib\raylib.tlog\lib.command.1.tlog
c:\users\fuzzy\onedrive\desktop\projects\xboing\build_files\obj\debug\raylib\raylib.tlog\lib.read.1.tlog
