c:\users\fuzzy\onedrive\desktop\projects\xboing\build_files\obj\debug\rayboing\vc143.pdb
c:\users\fuzzy\onedrive\desktop\projects\xboing\build_files\obj\debug\rayboing\vc143.idb
c:\users\fuzzy\onedrive\desktop\projects\xboing\build_files\obj\debug\rayboing\rayboing_demo.obj
c:\users\fuzzy\onedrive\desktop\projects\xboing\build_files\obj\debug\rayboing\demo_gamemodes.obj
c:\users\fuzzy\onedrive\desktop\projects\xboing\build_files\obj\debug\rayboing\demo_controls.obj
c:\users\fuzzy\onedrive\desktop\projects\xboing\build_files\obj\debug\rayboing\demo_blockloader.obj
c:\users\fuzzy\onedrive\desktop\projects\xboing\build_files\obj\debug\rayboing\demo_ball.obj
c:\users\fuzzy\onedrive\desktop\projects\xboing\build_files\obj\debug\rayboing\audio.obj
c:\users\fuzzy\onedrive\desktop\projects\xboing\build_files\obj\debug\rayboing\paddle.obj
c:\users\fuzzy\onedrive\desktop\projects\xboing\build_files\obj\debug\rayboing\paddle_demo.obj
c:\users\fuzzy\onedrive\desktop\projects\xboing\build_files\obj\debug\rayboing\blockloader.obj
c:\users\fuzzy\onedrive\desktop\projects\xboing\bin\debug\rayboing.exe
c:\users\fuzzy\onedrive\desktop\projects\xboing\bin\debug\rayboing.pdb
c:\users\fuzzy\onedrive\desktop\projects\xboing\build_files\obj\debug\rayboing\rayboing.ilk
c:\users\fuzzy\onedrive\desktop\projects\xboing\build_files\obj\debug\rayboing\demo_window.obj
c:\users\fuzzy\onedrive\desktop\projects\xboing\build_files\..\bin\debug\rayboing.pdb
c:\users\fuzzy\onedrive\desktop\projects\xboing\build_files\obj\debug\rayboing\rayboing.vcxproj.filelistabsolute.txt
c:\users\fuzzy\onedrive\desktop\projects\xboing\build_files\obj\debug\rayboing\rayboing.tlog\cl.command.1.tlog
c:\users\fuzzy\onedrive\desktop\projects\xboing\build_files\obj\debug\rayboing\rayboing.tlog\cl.items.tlog
c:\users\fuzzy\onedrive\desktop\projects\xboing\build_files\obj\debug\rayboing\rayboing.tlog\cl.read.1.tlog
c:\users\fuzzy\onedrive\desktop\projects\xboing\build_files\obj\debug\rayboing\rayboing.tlog\cl.write.1.tlog
c:\users\fuzzy\onedrive\desktop\projects\xboing\build_files\obj\debug\rayboing\rayboing.tlog\link.command.1.tlog
c:\users\fuzzy\onedrive\desktop\projects\xboing\build_files\obj\debug\rayboing\rayboing.tlog\link.read.1.tlog
c:\users\fuzzy\onedrive\desktop\projects\xboing\build_files\obj\debug\rayboing\rayboing.tlog\link.secondary.1.tlog
c:\users\fuzzy\onedrive\desktop\projects\xboing\build_files\obj\debug\rayboing\rayboing.tlog\link.write.1.tlog
